Using pre-set license

 COMMAND LINE ARGUMENTS:
/Applications/Unity/2020.2.1f1/Unity.app/Contents/MacOS/Unity
-adb2
-batchMode
-noUpm
-name
AssetImportWorker1
-projectPath
/Users/wangchendong/UnityProjects/Tank
-logFile
Logs/AssetImportWorker1.log
-srvPort
63398
Successfully changed project path to: /Users/wangchendong/UnityProjects/Tank
/Users/wangchendong/UnityProjects/Tank
Using Asset Import Pipeline V2.
Refreshing native plugins compatible for Editor in 32.77 ms, found 2 plugins.
Preloading 0 native plugins for Editor in 0.00 ms.
Initialize engine version: 2020.2.1f1 (270dd8c3da1c)
[Subsystems] Discovering subsystems at path /Applications/Unity/2020.2.1f1/Unity.app/Contents/Resources/UnitySubsystems
[Subsystems] Discovering subsystems at path /Users/wangchendong/UnityProjects/Tank/Assets
GfxDevice: creating device client; threaded=0
2021-01-20 21:50:26.038 Unity[12224:1746117] (null) preferred device: Apple M1 (high power)
2021-01-20 21:50:26.038 Unity[12224:1746117] Metal devices available: 1
2021-01-20 21:50:26.038 Unity[12224:1746117] 0: Apple M1 (high power)
2021-01-20 21:50:26.038 Unity[12224:1746117] Using device Apple M1 (high power)
Initializing Metal device caps: Apple M1
Initialize mono
Mono path[0] = '/Applications/Unity/2020.2.1f1/Unity.app/Contents/Managed'
Mono path[1] = '/Applications/Unity/2020.2.1f1/Unity.app/Contents/MonoBleedingEdge/lib/mono/unityjit'
Mono config path = '/Applications/Unity/2020.2.1f1/Unity.app/Contents/MonoBleedingEdge/etc'
Using monoOptions --debugger-agent=transport=dt_socket,embedding=1,server=y,suspend=n,address=127.0.0.1:56224
Begin MonoManager ReloadAssembly
Registering precompiled unity dll's ...
Register platform support module: /Applications/Unity/2020.2.1f1/Unity.app/Contents/PlaybackEngines/MacStandaloneSupport/UnityEditor.OSXStandalone.Extensions.dll
Register platform support module: /Applications/Unity/2020.2.1f1/PlaybackEngines/WindowsStandaloneSupport/UnityEditor.WindowsStandalone.Extensions.dll
Registered in 0.001080 seconds.
Native extension for WindowsStandalone target not found
Native extension for OSXStandalone target not found
Refreshing native plugins compatible for Editor in 33.95 ms, found 2 plugins.
Preloading 0 native plugins for Editor in 0.00 ms.
Invoked RoslynAnalysisRunner static constructor.
RoslynAnalysisRunner will not be running.
RoslynAnalysisRunner has terminated.
Mono: successfully reloaded assembly
- Completed reload, in  1.842 seconds
Platform modules already initialized, skipping
Registering precompiled user dll's ...
Registered in 0.000448 seconds.
Begin MonoManager ReloadAssembly
Native extension for WindowsStandalone target not found
Native extension for OSXStandalone target not found
Refreshing native plugins compatible for Editor in 33.26 ms, found 2 plugins.
Preloading 0 native plugins for Editor in 0.00 ms.
Invoked RoslynAnalysisRunner static constructor.
RoslynAnalysisRunner will not be running.
RoslynAnalysisRunner has terminated.
Mono: successfully reloaded assembly
- Completed reload, in  1.854 seconds
Platform modules already initialized, skipping
========================================================================
Worker process is ready to serve import requests
Launching external process: /Applications/Unity/2020.2.1f1/Unity.app/Contents/Tools/UnityShaderCompiler
Launched and connected shader compiler UnityShaderCompiler after 0.03 seconds
Refreshing native plugins compatible for Editor in 0.31 ms, found 2 plugins.
Preloading 0 native plugins for Editor in 0.00 ms.
Unloading 1792 Unused Serialized files (Serialized files now loaded: 0)
System memory in use before: 141.5 MB.
System memory in use after: 141.5 MB.

Unloading 24 unused Assets to reduce memory usage. Loaded Objects now: 2234.
Total: 2.258583 ms (FindLiveObjects: 0.181208 ms CreateObjectMapping: 0.037292 ms MarkObjects: 1.933000 ms  DeleteObjects: 0.106333 ms)

========================================================================
Received Import Request.
  path: Assets/Prefabs/Effect/Explosion.prefab
  artifactKey: Guid(3240935fb381645e0ba873710f66b01f) Importer(815301076,1909f56bfc062723c751e8b465ee728b)
Start importing Assets/Prefabs/Effect/Explosion.prefab using Guid(3240935fb381645e0ba873710f66b01f) Importer(815301076,1909f56bfc062723c751e8b465ee728b)  -> (artifact id: 'b973f2e4821d6449502c8c2f3e17e4f0') in 0.839661 seconds
  Import took 0.849148 seconds .

========================================================================
Received Prepare
Registering precompiled user dll's ...
Registered in 0.000980 seconds.
Begin MonoManager ReloadAssembly
Native extension for WindowsStandalone target not found
Native extension for OSXStandalone target not found
Refreshing native plugins compatible for Editor in 0.31 ms, found 2 plugins.
Preloading 0 native plugins for Editor in 0.00 ms.
Invoked RoslynAnalysisRunner static constructor.
RoslynAnalysisRunner will not be running.
RoslynAnalysisRunner has terminated.
Mono: successfully reloaded assembly
- Completed reload, in  1.676 seconds
Platform modules already initialized, skipping
Refreshing native plugins compatible for Editor in 0.30 ms, found 2 plugins.
Preloading 0 native plugins for Editor in 0.00 ms.
Unloading 1787 Unused Serialized files (Serialized files now loaded: 0)
System memory in use before: 149.5 MB.
System memory in use after: 149.5 MB.

Unloading 12 unused Assets to reduce memory usage. Loaded Objects now: 2244.
Total: 1.392708 ms (FindLiveObjects: 0.102708 ms CreateObjectMapping: 0.039792 ms MarkObjects: 1.165875 ms  DeleteObjects: 0.083625 ms)

========================================================================
Received Import Request.
  Time since last request: 197.107894 seconds.
  path: Assets/Prefabs/Map/AirBarrier.prefab
  artifactKey: Guid(d1f2a6bb8decb471b801530b2abee434) Importer(815301076,1909f56bfc062723c751e8b465ee728b)
Start importing Assets/Prefabs/Map/AirBarrier.prefab using Guid(d1f2a6bb8decb471b801530b2abee434) Importer(815301076,1909f56bfc062723c751e8b465ee728b)  -> (artifact id: '9564335d806bb5f4b2d0e0d9a966db33') in 0.054468 seconds
  Import took 0.057107 seconds .

========================================================================
Received Prepare
Registering precompiled user dll's ...
Registered in 0.000445 seconds.
Begin MonoManager ReloadAssembly
Native extension for WindowsStandalone target not found
Native extension for OSXStandalone target not found
Refreshing native plugins compatible for Editor in 0.30 ms, found 2 plugins.
Preloading 0 native plugins for Editor in 0.00 ms.
Invoked RoslynAnalysisRunner static constructor.
RoslynAnalysisRunner will not be running.
RoslynAnalysisRunner has terminated.
Mono: successfully reloaded assembly
- Completed reload, in  1.651 seconds
Platform modules already initialized, skipping
Refreshing native plugins compatible for Editor in 0.22 ms, found 2 plugins.
Preloading 0 native plugins for Editor in 0.00 ms.
Unloading 1787 Unused Serialized files (Serialized files now loaded: 0)
System memory in use before: 149.9 MB.
System memory in use after: 149.9 MB.

Unloading 12 unused Assets to reduce memory usage. Loaded Objects now: 2247.
Total: 1.387250 ms (FindLiveObjects: 0.102000 ms CreateObjectMapping: 0.035708 ms MarkObjects: 1.164083 ms  DeleteObjects: 0.084750 ms)

========================================================================
Received Import Request.
  Time since last request: 7.420292 seconds.
  path: Assets/Prefabs/Map/Heart.prefab
  artifactKey: Guid(82c9332f8e6ad4ba2902411d7053c6f1) Importer(815301076,1909f56bfc062723c751e8b465ee728b)
Start importing Assets/Prefabs/Map/Heart.prefab using Guid(82c9332f8e6ad4ba2902411d7053c6f1) Importer(815301076,1909f56bfc062723c751e8b465ee728b)  -> (artifact id: 'bc989abf9978be491d74d85f1242c9fc') in 0.136789 seconds
  Import took 0.139216 seconds .

========================================================================
Received Prepare
Registering precompiled user dll's ...
Registered in 0.000461 seconds.
Begin MonoManager ReloadAssembly
Native extension for WindowsStandalone target not found
Native extension for OSXStandalone target not found
Refreshing native plugins compatible for Editor in 0.33 ms, found 2 plugins.
Preloading 0 native plugins for Editor in 0.00 ms.
Invoked RoslynAnalysisRunner static constructor.
RoslynAnalysisRunner will not be running.
RoslynAnalysisRunner has terminated.
Mono: successfully reloaded assembly
- Completed reload, in  1.678 seconds
Platform modules already initialized, skipping
Refreshing native plugins compatible for Editor in 0.27 ms, found 2 plugins.
Preloading 0 native plugins for Editor in 0.00 ms.
Unloading 1787 Unused Serialized files (Serialized files now loaded: 0)
System memory in use before: 150.4 MB.
System memory in use after: 150.4 MB.

Unloading 12 unused Assets to reduce memory usage. Loaded Objects now: 2251.
Total: 1.447708 ms (FindLiveObjects: 0.115250 ms CreateObjectMapping: 0.035209 ms MarkObjects: 1.200041 ms  DeleteObjects: 0.096542 ms)

========================================================================
Received Prepare
Registering precompiled user dll's ...
Registered in 0.000905 seconds.
Begin MonoManager ReloadAssembly
Native extension for WindowsStandalone target not found
Native extension for OSXStandalone target not found
Refreshing native plugins compatible for Editor in 0.31 ms, found 2 plugins.
Preloading 0 native plugins for Editor in 0.00 ms.
Invoked RoslynAnalysisRunner static constructor.
RoslynAnalysisRunner will not be running.
RoslynAnalysisRunner has terminated.
Mono: successfully reloaded assembly
- Completed reload, in  1.628 seconds
Platform modules already initialized, skipping
Refreshing native plugins compatible for Editor in 0.27 ms, found 2 plugins.
Preloading 0 native plugins for Editor in 0.00 ms.
Unloading 1787 Unused Serialized files (Serialized files now loaded: 0)
System memory in use before: 150.8 MB.
System memory in use after: 150.8 MB.

Unloading 12 unused Assets to reduce memory usage. Loaded Objects now: 2254.
Total: 1.428042 ms (FindLiveObjects: 0.161000 ms CreateObjectMapping: 0.034375 ms MarkObjects: 1.138542 ms  DeleteObjects: 0.093458 ms)

========================================================================
Received Import Request.
  Time since last request: 158.447226 seconds.
  path: Assets/Prefabs/Effect/Born.prefab
  artifactKey: Guid(cd05eba9a293d440c8d2d440858aa03a) Importer(815301076,1909f56bfc062723c751e8b465ee728b)
Start importing Assets/Prefabs/Effect/Born.prefab using Guid(cd05eba9a293d440c8d2d440858aa03a) Importer(815301076,1909f56bfc062723c751e8b465ee728b)  -> (artifact id: '2c782bacea602a44f7fdb13ad259d5a6') in 0.139301 seconds
  Import took 0.142139 seconds .

========================================================================
Received Prepare
Registering precompiled user dll's ...
Registered in 0.000398 seconds.
Begin MonoManager ReloadAssembly
Native extension for WindowsStandalone target not found
Native extension for OSXStandalone target not found
Refreshing native plugins compatible for Editor in 0.32 ms, found 2 plugins.
Preloading 0 native plugins for Editor in 0.00 ms.
Invoked RoslynAnalysisRunner static constructor.
RoslynAnalysisRunner will not be running.
RoslynAnalysisRunner has terminated.
Mono: successfully reloaded assembly
- Completed reload, in  1.689 seconds
Platform modules already initialized, skipping
Refreshing native plugins compatible for Editor in 0.28 ms, found 2 plugins.
Preloading 0 native plugins for Editor in 0.00 ms.
Unloading 1788 Unused Serialized files (Serialized files now loaded: 0)
System memory in use before: 151.1 MB.
System memory in use after: 151.1 MB.

Unloading 12 unused Assets to reduce memory usage. Loaded Objects now: 2259.
Total: 1.364291 ms (FindLiveObjects: 0.123833 ms CreateObjectMapping: 0.035750 ms MarkObjects: 1.112750 ms  DeleteObjects: 0.091167 ms)

========================================================================
Received Import Request.
  Time since last request: 15.929943 seconds.
  path: Assets/Prefabs/Effect/Born.prefab
  artifactKey: Guid(cd05eba9a293d440c8d2d440858aa03a) Importer(815301076,1909f56bfc062723c751e8b465ee728b)
Start importing Assets/Prefabs/Effect/Born.prefab using Guid(cd05eba9a293d440c8d2d440858aa03a) Importer(815301076,1909f56bfc062723c751e8b465ee728b)  -> (artifact id: '6397ef638fb711418c377e12aedfd615') in 0.139633 seconds
  Import took 0.142085 seconds .

========================================================================
Received Import Request.
  Time since last request: 0.130986 seconds.
  path: Assets/Prefabs/Effect/Born.prefab
  artifactKey: Guid(cd05eba9a293d440c8d2d440858aa03a) Importer(815301076,1909f56bfc062723c751e8b465ee728b)
Start importing Assets/Prefabs/Effect/Born.prefab using Guid(cd05eba9a293d440c8d2d440858aa03a) Importer(815301076,1909f56bfc062723c751e8b465ee728b)  -> (artifact id: '6397ef638fb711418c377e12aedfd615') in 0.011844 seconds
  Import took 0.014428 seconds .

========================================================================
Received Prepare
Registering precompiled user dll's ...
Registered in 0.000721 seconds.
Begin MonoManager ReloadAssembly
Native extension for WindowsStandalone target not found
Native extension for OSXStandalone target not found
Refreshing native plugins compatible for Editor in 0.33 ms, found 2 plugins.
Preloading 0 native plugins for Editor in 0.00 ms.
Invoked RoslynAnalysisRunner static constructor.
RoslynAnalysisRunner will not be running.
RoslynAnalysisRunner has terminated.
Mono: successfully reloaded assembly
- Completed reload, in  1.698 seconds
Platform modules already initialized, skipping
Refreshing native plugins compatible for Editor in 0.30 ms, found 2 plugins.
Preloading 0 native plugins for Editor in 0.00 ms.
Unloading 1788 Unused Serialized files (Serialized files now loaded: 0)
System memory in use before: 151.7 MB.
System memory in use after: 151.7 MB.

Unloading 12 unused Assets to reduce memory usage. Loaded Objects now: 2263.
Total: 1.396083 ms (FindLiveObjects: 0.122416 ms CreateObjectMapping: 0.036292 ms MarkObjects: 1.143709 ms  DeleteObjects: 0.092833 ms)

========================================================================
Received Import Request.
  Time since last request: 390.605900 seconds.
  path: Assets/Prefabs/Effect/Born.prefab
  artifactKey: Guid(cd05eba9a293d440c8d2d440858aa03a) Importer(815301076,1909f56bfc062723c751e8b465ee728b)
Start importing Assets/Prefabs/Effect/Born.prefab using Guid(cd05eba9a293d440c8d2d440858aa03a) Importer(815301076,1909f56bfc062723c751e8b465ee728b)  -> (artifact id: 'bf51b30e7c487fe1a1e23d273254800d') in 0.140306 seconds
  Import took 0.142761 seconds .

========================================================================
Received Import Request.
  Time since last request: 7.438134 seconds.
  path: Assets/Prefabs/Effect/Explosion.prefab
  artifactKey: Guid(3240935fb381645e0ba873710f66b01f) Importer(815301076,1909f56bfc062723c751e8b465ee728b)
Start importing Assets/Prefabs/Effect/Explosion.prefab using Guid(3240935fb381645e0ba873710f66b01f) Importer(815301076,1909f56bfc062723c751e8b465ee728b)  -> (artifact id: 'f9120fe052cb1049c60f5dc667a24a84') in 0.014654 seconds
  Import took 0.017325 seconds .

========================================================================
Received Import Request.
  Time since last request: 6.652399 seconds.
  path: Assets/Prefabs/Effect/Born.prefab
  artifactKey: Guid(cd05eba9a293d440c8d2d440858aa03a) Importer(815301076,1909f56bfc062723c751e8b465ee728b)
Start importing Assets/Prefabs/Effect/Born.prefab using Guid(cd05eba9a293d440c8d2d440858aa03a) Importer(815301076,1909f56bfc062723c751e8b465ee728b)  -> (artifact id: '5929566c8f37e0652000a1e1b929b00d') in 0.011260 seconds
  Import took 0.013816 seconds .

========================================================================
Received Prepare
Registering precompiled user dll's ...
Registered in 0.000367 seconds.
Begin MonoManager ReloadAssembly
Native extension for WindowsStandalone target not found
Native extension for OSXStandalone target not found
Refreshing native plugins compatible for Editor in 0.33 ms, found 2 plugins.
Preloading 0 native plugins for Editor in 0.00 ms.
Invoked RoslynAnalysisRunner static constructor.
RoslynAnalysisRunner will not be running.
RoslynAnalysisRunner has terminated.
Mono: successfully reloaded assembly
- Completed reload, in  1.654 seconds
Platform modules already initialized, skipping
Refreshing native plugins compatible for Editor in 0.31 ms, found 2 plugins.
Preloading 0 native plugins for Editor in 0.00 ms.
Unloading 1788 Unused Serialized files (Serialized files now loaded: 0)
System memory in use before: 152.1 MB.
System memory in use after: 152.1 MB.

Unloading 12 unused Assets to reduce memory usage. Loaded Objects now: 2267.
Total: 1.394959 ms (FindLiveObjects: 0.106084 ms CreateObjectMapping: 0.034042 ms MarkObjects: 1.159333 ms  DeleteObjects: 0.094542 ms)

========================================================================
Received Import Request.
  Time since last request: 323.743671 seconds.
  path: Assets/GameResource/Graphics/Enemys.bmp
  artifactKey: Guid(3348c3d1a93bce84fba2264f6a8458f4) Importer(815301076,1909f56bfc062723c751e8b465ee728b)
Start importing Assets/GameResource/Graphics/Enemys.bmp using Guid(3348c3d1a93bce84fba2264f6a8458f4) Importer(815301076,1909f56bfc062723c751e8b465ee728b)  -> (artifact id: '0b74e0e1a5c757967cad1342b18c55da') in 0.693230 seconds
  Import took 0.696187 seconds .

========================================================================
Received Import Request.
  Time since last request: 222.718240 seconds.
  path: Assets/Prefabs/Tank/Enemy.prefab
  artifactKey: Guid(04f48007b9cec45e09538e93182206a9) Importer(815301076,1909f56bfc062723c751e8b465ee728b)
Start importing Assets/Prefabs/Tank/Enemy.prefab using Guid(04f48007b9cec45e09538e93182206a9) Importer(815301076,1909f56bfc062723c751e8b465ee728b)  -> (artifact id: '5bdae622e781d58dc49dbcbff567c587') in 0.084730 seconds
  Import took 0.088049 seconds .

========================================================================
Received Import Request.
  Time since last request: 219.395311 seconds.
  path: Assets/Prefabs/Tank/Enemy.prefab
  artifactKey: Guid(04f48007b9cec45e09538e93182206a9) Importer(815301076,1909f56bfc062723c751e8b465ee728b)
Start importing Assets/Prefabs/Tank/Enemy.prefab using Guid(04f48007b9cec45e09538e93182206a9) Importer(815301076,1909f56bfc062723c751e8b465ee728b)  -> (artifact id: 'ef1f3bcaa57a3cfd0fa6091360b5eede') in 0.014498 seconds
  Import took 0.017359 seconds .

========================================================================
Received Import Request.
  Time since last request: 20.013765 seconds.
  path: Assets/Prefabs/Tank/BigEnemy.prefab
  artifactKey: Guid(bc738f0728a454964907c042b7fcf900) Importer(815301076,1909f56bfc062723c751e8b465ee728b)
Start importing Assets/Prefabs/Tank/BigEnemy.prefab using Guid(bc738f0728a454964907c042b7fcf900) Importer(815301076,1909f56bfc062723c751e8b465ee728b)  -> (artifact id: '568a73a67788023c8447e977cf64127a') in 0.008069 seconds
  Import took 0.010771 seconds .

========================================================================
Received Import Request.
  Time since last request: 3.825130 seconds.
  path: Assets/Prefabs/Tank/SmallEnemy.prefab
  artifactKey: Guid(4f1fea32c85ec4129b67f18a7bfc6015) Importer(815301076,1909f56bfc062723c751e8b465ee728b)
Start importing Assets/Prefabs/Tank/SmallEnemy.prefab using Guid(4f1fea32c85ec4129b67f18a7bfc6015) Importer(815301076,1909f56bfc062723c751e8b465ee728b)  -> (artifact id: '9343be7653cfcebdad17b2e584abbdb4') in 0.007881 seconds
  Import took 0.010532 seconds .

========================================================================
Received Prepare
Registering precompiled user dll's ...
Registered in 0.000870 seconds.
Begin MonoManager ReloadAssembly
Native extension for WindowsStandalone target not found
Native extension for OSXStandalone target not found
Refreshing native plugins compatible for Editor in 0.32 ms, found 2 plugins.
Preloading 0 native plugins for Editor in 0.00 ms.
Invoked RoslynAnalysisRunner static constructor.
RoslynAnalysisRunner will not be running.
RoslynAnalysisRunner has terminated.
Mono: successfully reloaded assembly
- Completed reload, in  1.757 seconds
Platform modules already initialized, skipping
Refreshing native plugins compatible for Editor in 0.31 ms, found 2 plugins.
Preloading 0 native plugins for Editor in 0.00 ms.
Unloading 1788 Unused Serialized files (Serialized files now loaded: 0)
System memory in use before: 157.0 MB.
System memory in use after: 157.0 MB.

Unloading 12 unused Assets to reduce memory usage. Loaded Objects now: 2275.
Total: 1.409292 ms (FindLiveObjects: 0.126542 ms CreateObjectMapping: 0.035208 ms MarkObjects: 1.153333 ms  DeleteObjects: 0.093250 ms)

========================================================================
Received Import Request.
  Time since last request: 526.187258 seconds.
  path: Assets/Prefabs/Tank/BigEnemy.prefab
  artifactKey: Guid(bc738f0728a454964907c042b7fcf900) Importer(815301076,1909f56bfc062723c751e8b465ee728b)
Start importing Assets/Prefabs/Tank/BigEnemy.prefab using Guid(bc738f0728a454964907c042b7fcf900) Importer(815301076,1909f56bfc062723c751e8b465ee728b)  -> (artifact id: '99b327a68e93a4699fdcf68d72a93a4f') in 0.146714 seconds
  Import took 0.149592 seconds .

========================================================================
Received Prepare
Registering precompiled user dll's ...
Registered in 0.000632 seconds.
Begin MonoManager ReloadAssembly
Native extension for WindowsStandalone target not found
Native extension for OSXStandalone target not found
Refreshing native plugins compatible for Editor in 0.32 ms, found 2 plugins.
Preloading 0 native plugins for Editor in 0.00 ms.
Invoked RoslynAnalysisRunner static constructor.
RoslynAnalysisRunner will not be running.
RoslynAnalysisRunner has terminated.
Mono: successfully reloaded assembly
- Completed reload, in  1.699 seconds
Platform modules already initialized, skipping
Refreshing native plugins compatible for Editor in 0.31 ms, found 2 plugins.
Preloading 0 native plugins for Editor in 0.00 ms.
Unloading 1788 Unused Serialized files (Serialized files now loaded: 0)
System memory in use before: 157.4 MB.
System memory in use after: 157.5 MB.

Unloading 12 unused Assets to reduce memory usage. Loaded Objects now: 2279.
Total: 1.387084 ms (FindLiveObjects: 0.133416 ms CreateObjectMapping: 0.034500 ms MarkObjects: 1.126834 ms  DeleteObjects: 0.091584 ms)

========================================================================
Received Prepare
Registering precompiled user dll's ...
Registered in 0.001410 seconds.
Begin MonoManager ReloadAssembly
Native extension for WindowsStandalone target not found
Native extension for OSXStandalone target not found
Refreshing native plugins compatible for Editor in 0.32 ms, found 2 plugins.
Preloading 0 native plugins for Editor in 0.00 ms.
Invoked RoslynAnalysisRunner static constructor.
RoslynAnalysisRunner will not be running.
RoslynAnalysisRunner has terminated.
Mono: successfully reloaded assembly
- Completed reload, in  1.726 seconds
Platform modules already initialized, skipping
Refreshing native plugins compatible for Editor in 0.32 ms, found 2 plugins.
Preloading 0 native plugins for Editor in 0.00 ms.
Unloading 1788 Unused Serialized files (Serialized files now loaded: 0)
System memory in use before: 157.8 MB.
System memory in use after: 157.8 MB.

Unloading 12 unused Assets to reduce memory usage. Loaded Objects now: 2282.
Total: 2.036333 ms (FindLiveObjects: 0.144542 ms CreateObjectMapping: 0.036167 ms MarkObjects: 1.692917 ms  DeleteObjects: 0.161375 ms)

========================================================================
Received Prepare
Registering precompiled user dll's ...
Registered in 0.000803 seconds.
Begin MonoManager ReloadAssembly
Native extension for WindowsStandalone target not found
Native extension for OSXStandalone target not found
Refreshing native plugins compatible for Editor in 0.31 ms, found 2 plugins.
Preloading 0 native plugins for Editor in 0.00 ms.
Invoked RoslynAnalysisRunner static constructor.
RoslynAnalysisRunner will not be running.
RoslynAnalysisRunner has terminated.
Mono: successfully reloaded assembly
- Completed reload, in  1.805 seconds
Platform modules already initialized, skipping
Refreshing native plugins compatible for Editor in 0.30 ms, found 2 plugins.
Preloading 0 native plugins for Editor in 0.00 ms.
Unloading 1788 Unused Serialized files (Serialized files now loaded: 0)
System memory in use before: 157.2 MB.
System memory in use after: 157.2 MB.

Unloading 12 unused Assets to reduce memory usage. Loaded Objects now: 2285.
Total: 1.463709 ms (FindLiveObjects: 0.162334 ms CreateObjectMapping: 0.036667 ms MarkObjects: 1.166292 ms  DeleteObjects: 0.097625 ms)

========================================================================
Received Import Request.
  Time since last request: 1538.092688 seconds.
  path: Assets/Prefabs/Tank/BigEnemy.prefab
  artifactKey: Guid(bc738f0728a454964907c042b7fcf900) Importer(815301076,1909f56bfc062723c751e8b465ee728b)
Start importing Assets/Prefabs/Tank/BigEnemy.prefab using Guid(bc738f0728a454964907c042b7fcf900) Importer(815301076,1909f56bfc062723c751e8b465ee728b)  -> (artifact id: 'd5dec3ad91f89c00630bda42440d03bb') in 0.145348 seconds
  Import took 0.148065 seconds .

========================================================================
Received Import Request.
  Time since last request: 4.259880 seconds.
  path: Assets/Prefabs/Tank/SmallEnemy.prefab
  artifactKey: Guid(4f1fea32c85ec4129b67f18a7bfc6015) Importer(815301076,1909f56bfc062723c751e8b465ee728b)
Start importing Assets/Prefabs/Tank/SmallEnemy.prefab using Guid(4f1fea32c85ec4129b67f18a7bfc6015) Importer(815301076,1909f56bfc062723c751e8b465ee728b)  -> (artifact id: '5036b468424093b3bb522c33e7327de3') in 0.015205 seconds
  Import took 0.018028 seconds .

========================================================================
Received Prepare
Registering precompiled user dll's ...
Registered in 0.000873 seconds.
Begin MonoManager ReloadAssembly
Native extension for WindowsStandalone target not found
Native extension for OSXStandalone target not found
Refreshing native plugins compatible for Editor in 0.30 ms, found 2 plugins.
Preloading 0 native plugins for Editor in 0.00 ms.
Invoked RoslynAnalysisRunner static constructor.
RoslynAnalysisRunner will not be running.
RoslynAnalysisRunner has terminated.
Mono: successfully reloaded assembly
- Completed reload, in  1.694 seconds
Platform modules already initialized, skipping
Refreshing native plugins compatible for Editor in 0.28 ms, found 2 plugins.
Preloading 0 native plugins for Editor in 0.00 ms.
Unloading 1788 Unused Serialized files (Serialized files now loaded: 0)
System memory in use before: 157.7 MB.
System memory in use after: 157.7 MB.

Unloading 12 unused Assets to reduce memory usage. Loaded Objects now: 2289.
Total: 1.419208 ms (FindLiveObjects: 0.112958 ms CreateObjectMapping: 0.038292 ms MarkObjects: 1.169375 ms  DeleteObjects: 0.097708 ms)

========================================================================
Received Prepare
Registering precompiled user dll's ...
Registered in 0.001419 seconds.
Begin MonoManager ReloadAssembly
Native extension for WindowsStandalone target not found
Native extension for OSXStandalone target not found
Refreshing native plugins compatible for Editor in 0.32 ms, found 2 plugins.
Preloading 0 native plugins for Editor in 0.00 ms.
Invoked RoslynAnalysisRunner static constructor.
RoslynAnalysisRunner will not be running.
RoslynAnalysisRunner has terminated.
Mono: successfully reloaded assembly
- Completed reload, in  1.657 seconds
Platform modules already initialized, skipping
Refreshing native plugins compatible for Editor in 0.30 ms, found 2 plugins.
Preloading 0 native plugins for Editor in 0.00 ms.
Unloading 1788 Unused Serialized files (Serialized files now loaded: 0)
System memory in use before: 158.0 MB.
System memory in use after: 158.0 MB.

Unloading 12 unused Assets to reduce memory usage. Loaded Objects now: 2292.
Total: 1.397917 ms (FindLiveObjects: 0.126458 ms CreateObjectMapping: 0.035708 ms MarkObjects: 1.139125 ms  DeleteObjects: 0.095709 ms)

========================================================================
Received Import Request.
  Time since last request: 391.928382 seconds.
  path: Assets/Prefabs/Tank/SmallEnemy.prefab
  artifactKey: Guid(4f1fea32c85ec4129b67f18a7bfc6015) Importer(815301076,1909f56bfc062723c751e8b465ee728b)
Start importing Assets/Prefabs/Tank/SmallEnemy.prefab using Guid(4f1fea32c85ec4129b67f18a7bfc6015) Importer(815301076,1909f56bfc062723c751e8b465ee728b)  -> (artifact id: '094449f21e186ddf6079c3c31b32b34d') in 0.144914 seconds
  Import took 0.147622 seconds .

========================================================================
Received Prepare
Registering precompiled user dll's ...
Registered in 0.000904 seconds.
Begin MonoManager ReloadAssembly
Native extension for WindowsStandalone target not found
Native extension for OSXStandalone target not found
Refreshing native plugins compatible for Editor in 0.31 ms, found 2 plugins.
Preloading 0 native plugins for Editor in 0.00 ms.
Invoked RoslynAnalysisRunner static constructor.
RoslynAnalysisRunner will not be running.
RoslynAnalysisRunner has terminated.
Mono: successfully reloaded assembly
- Completed reload, in  1.652 seconds
Platform modules already initialized, skipping
Refreshing native plugins compatible for Editor in 0.26 ms, found 2 plugins.
Preloading 0 native plugins for Editor in 0.00 ms.
Unloading 1788 Unused Serialized files (Serialized files now loaded: 0)
System memory in use before: 158.5 MB.
System memory in use after: 158.5 MB.

Unloading 12 unused Assets to reduce memory usage. Loaded Objects now: 2296.
Total: 1.377208 ms (FindLiveObjects: 0.113791 ms CreateObjectMapping: 0.036000 ms MarkObjects: 1.130625 ms  DeleteObjects: 0.095959 ms)

========================================================================
Received Import Request.
  Time since last request: 214.967673 seconds.
  path: Assets/Prefabs/Tank/BigEnemy.prefab
  artifactKey: Guid(bc738f0728a454964907c042b7fcf900) Importer(815301076,1909f56bfc062723c751e8b465ee728b)
Start importing Assets/Prefabs/Tank/BigEnemy.prefab using Guid(bc738f0728a454964907c042b7fcf900) Importer(815301076,1909f56bfc062723c751e8b465ee728b)  -> (artifact id: '7e3c8f0481b79b626991768fe8f39f2d') in 0.165701 seconds
  Import took 0.168429 seconds .

========================================================================
Received Prepare
Registering precompiled user dll's ...
Registered in 0.000777 seconds.
Begin MonoManager ReloadAssembly
Native extension for WindowsStandalone target not found
Native extension for OSXStandalone target not found
Refreshing native plugins compatible for Editor in 0.33 ms, found 2 plugins.
Preloading 0 native plugins for Editor in 0.00 ms.
Invoked RoslynAnalysisRunner static constructor.
RoslynAnalysisRunner will not be running.
RoslynAnalysisRunner has terminated.
Mono: successfully reloaded assembly
- Completed reload, in  1.722 seconds
Platform modules already initialized, skipping
Refreshing native plugins compatible for Editor in 0.31 ms, found 2 plugins.
Preloading 0 native plugins for Editor in 0.00 ms.
Unloading 1788 Unused Serialized files (Serialized files now loaded: 0)
System memory in use before: 158.9 MB.
System memory in use after: 158.9 MB.

Unloading 12 unused Assets to reduce memory usage. Loaded Objects now: 2300.
Total: 1.446041 ms (FindLiveObjects: 0.153625 ms CreateObjectMapping: 0.036625 ms MarkObjects: 1.157625 ms  DeleteObjects: 0.097250 ms)

========================================================================
Received Prepare
Registering precompiled user dll's ...
Registered in 0.000601 seconds.
Begin MonoManager ReloadAssembly
Native extension for WindowsStandalone target not found
Native extension for OSXStandalone target not found
Refreshing native plugins compatible for Editor in 0.30 ms, found 2 plugins.
Preloading 0 native plugins for Editor in 0.00 ms.
Invoked RoslynAnalysisRunner static constructor.
RoslynAnalysisRunner will not be running.
RoslynAnalysisRunner has terminated.
Mono: successfully reloaded assembly
- Completed reload, in  1.628 seconds
Platform modules already initialized, skipping
Refreshing native plugins compatible for Editor in 0.26 ms, found 2 plugins.
Preloading 0 native plugins for Editor in 0.00 ms.
Unloading 1788 Unused Serialized files (Serialized files now loaded: 0)
System memory in use before: 159.2 MB.
System memory in use after: 159.2 MB.

Unloading 12 unused Assets to reduce memory usage. Loaded Objects now: 2303.
Total: 1.445958 ms (FindLiveObjects: 0.119000 ms CreateObjectMapping: 0.038000 ms MarkObjects: 1.189708 ms  DeleteObjects: 0.098208 ms)

========================================================================
Received Prepare
Registering precompiled user dll's ...
Registered in 0.000454 seconds.
Begin MonoManager ReloadAssembly
Native extension for WindowsStandalone target not found
Native extension for OSXStandalone target not found
Refreshing native plugins compatible for Editor in 0.32 ms, found 2 plugins.
Preloading 0 native plugins for Editor in 0.00 ms.
Invoked RoslynAnalysisRunner static constructor.
RoslynAnalysisRunner will not be running.
RoslynAnalysisRunner has terminated.
Mono: successfully reloaded assembly
- Completed reload, in  1.687 seconds
Platform modules already initialized, skipping
Refreshing native plugins compatible for Editor in 0.25 ms, found 2 plugins.
Preloading 0 native plugins for Editor in 0.00 ms.
Unloading 1788 Unused Serialized files (Serialized files now loaded: 0)
System memory in use before: 158.6 MB.
System memory in use after: 158.6 MB.

Unloading 12 unused Assets to reduce memory usage. Loaded Objects now: 2306.
Total: 1.447458 ms (FindLiveObjects: 0.136334 ms CreateObjectMapping: 0.038000 ms MarkObjects: 1.175834 ms  DeleteObjects: 0.096042 ms)

========================================================================
Received Prepare
Registering precompiled user dll's ...
Registered in 0.001120 seconds.
Begin MonoManager ReloadAssembly
Native extension for WindowsStandalone target not found
Native extension for OSXStandalone target not found
Refreshing native plugins compatible for Editor in 0.32 ms, found 2 plugins.
Preloading 0 native plugins for Editor in 0.00 ms.
Invoked RoslynAnalysisRunner static constructor.
RoslynAnalysisRunner will not be running.
RoslynAnalysisRunner has terminated.
Mono: successfully reloaded assembly
- Completed reload, in  1.655 seconds
Platform modules already initialized, skipping
Refreshing native plugins compatible for Editor in 0.26 ms, found 2 plugins.
Preloading 0 native plugins for Editor in 0.00 ms.
Unloading 1788 Unused Serialized files (Serialized files now loaded: 0)
System memory in use before: 159.0 MB.
System memory in use after: 159.0 MB.

Unloading 12 unused Assets to reduce memory usage. Loaded Objects now: 2309.
Total: 1.399041 ms (FindLiveObjects: 0.141333 ms CreateObjectMapping: 0.036875 ms MarkObjects: 1.122167 ms  DeleteObjects: 0.097875 ms)

========================================================================
Received Prepare
Registering precompiled user dll's ...
Registered in 0.000431 seconds.
Begin MonoManager ReloadAssembly
Native extension for WindowsStandalone target not found
Native extension for OSXStandalone target not found
Refreshing native plugins compatible for Editor in 0.31 ms, found 2 plugins.
Preloading 0 native plugins for Editor in 0.00 ms.
Invoked RoslynAnalysisRunner static constructor.
RoslynAnalysisRunner will not be running.
RoslynAnalysisRunner has terminated.
Mono: successfully reloaded assembly
- Completed reload, in  1.708 seconds
Platform modules already initialized, skipping
Refreshing native plugins compatible for Editor in 0.31 ms, found 2 plugins.
Preloading 0 native plugins for Editor in 0.00 ms.
Unloading 1789 Unused Serialized files (Serialized files now loaded: 0)
System memory in use before: 159.4 MB.
System memory in use after: 159.4 MB.

Unloading 12 unused Assets to reduce memory usage. Loaded Objects now: 2313.
Total: 1.413333 ms (FindLiveObjects: 0.134958 ms CreateObjectMapping: 0.035917 ms MarkObjects: 1.143958 ms  DeleteObjects: 0.097667 ms)

========================================================================
Received Import Request.
  Time since last request: 780.615091 seconds.
  path: Assets/Prefabs/Map/Grass.prefab
  artifactKey: Guid(b7640ed6415fb4624a8e386d51f8c415) Importer(815301076,1909f56bfc062723c751e8b465ee728b)
Start importing Assets/Prefabs/Map/Grass.prefab using Guid(b7640ed6415fb4624a8e386d51f8c415) Importer(815301076,1909f56bfc062723c751e8b465ee728b)  -> (artifact id: 'ca49c91202cd93a8ba06dbb0b1764c37') in 0.132318 seconds
  Import took 0.135189 seconds .

========================================================================
Received Import Request.
  Time since last request: 0.000829 seconds.
  path: Assets/Prefabs/Map/Grass.prefab
  artifactKey: Guid(b7640ed6415fb4624a8e386d51f8c415) Importer(815301076,1909f56bfc062723c751e8b465ee728b)
Start importing Assets/Prefabs/Map/Grass.prefab using Guid(b7640ed6415fb4624a8e386d51f8c415) Importer(815301076,1909f56bfc062723c751e8b465ee728b)  -> (artifact id: 'ca49c91202cd93a8ba06dbb0b1764c37') in 0.011592 seconds
  Import took 0.014032 seconds .

========================================================================
Received Import Request.
  Time since last request: 2.584354 seconds.
  path: Assets/Prefabs/Effect/Born.prefab
  artifactKey: Guid(cd05eba9a293d440c8d2d440858aa03a) Importer(815301076,1909f56bfc062723c751e8b465ee728b)
Start importing Assets/Prefabs/Effect/Born.prefab using Guid(cd05eba9a293d440c8d2d440858aa03a) Importer(815301076,1909f56bfc062723c751e8b465ee728b)  -> (artifact id: '6972a4a37eb77d8e2ca0a665469fd983') in 0.020879 seconds
  Import took 0.023908 seconds .

========================================================================
Received Import Request.
  Time since last request: 8.831953 seconds.
  path: Assets/MapCreation.cs
  artifactKey: Guid(bf2ab9aaed8964b87bf1664684c6b487) Importer(815301076,1909f56bfc062723c751e8b465ee728b)
Start importing Assets/MapCreation.cs using Guid(bf2ab9aaed8964b87bf1664684c6b487) Importer(815301076,1909f56bfc062723c751e8b465ee728b)  -> (artifact id: '50890f7e705fd62453ab509ce70c1dd3') in 0.231395 seconds
  Import took 0.233842 seconds .

========================================================================
Received Prepare
Registering precompiled user dll's ...
Registered in 0.000716 seconds.
Begin MonoManager ReloadAssembly
Native extension for WindowsStandalone target not found
Native extension for OSXStandalone target not found
Refreshing native plugins compatible for Editor in 0.33 ms, found 2 plugins.
Preloading 0 native plugins for Editor in 0.00 ms.
Invoked RoslynAnalysisRunner static constructor.
RoslynAnalysisRunner will not be running.
RoslynAnalysisRunner has terminated.
Mono: successfully reloaded assembly
- Completed reload, in  1.754 seconds
Platform modules already initialized, skipping
Refreshing native plugins compatible for Editor in 0.25 ms, found 2 plugins.
Preloading 0 native plugins for Editor in 0.00 ms.
Unloading 1789 Unused Serialized files (Serialized files now loaded: 0)
System memory in use before: 164.1 MB.
System memory in use after: 164.1 MB.

Unloading 12 unused Assets to reduce memory usage. Loaded Objects now: 2317.
Total: 1.351208 ms (FindLiveObjects: 0.124167 ms CreateObjectMapping: 0.034708 ms MarkObjects: 1.098791 ms  DeleteObjects: 0.092666 ms)

========================================================================
Received Prepare
Registering precompiled user dll's ...
Registered in 0.000626 seconds.
Begin MonoManager ReloadAssembly
Native extension for WindowsStandalone target not found
Native extension for OSXStandalone target not found
Refreshing native plugins compatible for Editor in 0.32 ms, found 2 plugins.
Preloading 0 native plugins for Editor in 0.00 ms.
Invoked RoslynAnalysisRunner static constructor.
RoslynAnalysisRunner will not be running.
RoslynAnalysisRunner has terminated.
Mono: successfully reloaded assembly
- Completed reload, in  1.747 seconds
Platform modules already initialized, skipping
Refreshing native plugins compatible for Editor in 0.30 ms, found 2 plugins.
Preloading 0 native plugins for Editor in 0.00 ms.
Unloading 1789 Unused Serialized files (Serialized files now loaded: 0)
System memory in use before: 164.4 MB.
System memory in use after: 164.4 MB.

Unloading 12 unused Assets to reduce memory usage. Loaded Objects now: 2320.
Total: 1.460792 ms (FindLiveObjects: 0.172125 ms CreateObjectMapping: 0.037916 ms MarkObjects: 1.147834 ms  DeleteObjects: 0.101958 ms)

========================================================================
Received Prepare
Registering precompiled user dll's ...
Registered in 0.000739 seconds.
Begin MonoManager ReloadAssembly
Native extension for WindowsStandalone target not found
Native extension for OSXStandalone target not found
Refreshing native plugins compatible for Editor in 0.30 ms, found 2 plugins.
Preloading 0 native plugins for Editor in 0.00 ms.
Invoked RoslynAnalysisRunner static constructor.
RoslynAnalysisRunner will not be running.
RoslynAnalysisRunner has terminated.
Mono: successfully reloaded assembly
- Completed reload, in  1.728 seconds
Platform modules already initialized, skipping
Refreshing native plugins compatible for Editor in 0.28 ms, found 2 plugins.
Preloading 0 native plugins for Editor in 0.00 ms.
Unloading 1789 Unused Serialized files (Serialized files now loaded: 0)
System memory in use before: 163.9 MB.
System memory in use after: 163.9 MB.

Unloading 12 unused Assets to reduce memory usage. Loaded Objects now: 2323.
Total: 1.452042 ms (FindLiveObjects: 0.144708 ms CreateObjectMapping: 0.038625 ms MarkObjects: 1.173125 ms  DeleteObjects: 0.094459 ms)

========================================================================
Received Prepare
Registering precompiled user dll's ...
Registered in 0.000450 seconds.
Begin MonoManager ReloadAssembly
Native extension for WindowsStandalone target not found
Native extension for OSXStandalone target not found
Refreshing native plugins compatible for Editor in 0.31 ms, found 2 plugins.
Preloading 0 native plugins for Editor in 0.00 ms.
Invoked RoslynAnalysisRunner static constructor.
RoslynAnalysisRunner will not be running.
RoslynAnalysisRunner has terminated.
Mono: successfully reloaded assembly
- Completed reload, in  1.724 seconds
Platform modules already initialized, skipping
Refreshing native plugins compatible for Editor in 0.31 ms, found 2 plugins.
Preloading 0 native plugins for Editor in 0.00 ms.
Unloading 1789 Unused Serialized files (Serialized files now loaded: 0)
System memory in use before: 164.3 MB.
System memory in use after: 164.3 MB.

Unloading 12 unused Assets to reduce memory usage. Loaded Objects now: 2326.
Total: 1.421459 ms (FindLiveObjects: 0.129667 ms CreateObjectMapping: 0.037333 ms MarkObjects: 1.155209 ms  DeleteObjects: 0.098375 ms)

========================================================================
Received Prepare
Registering precompiled user dll's ...
Registered in 0.000397 seconds.
Begin MonoManager ReloadAssembly
Native extension for WindowsStandalone target not found
Native extension for OSXStandalone target not found
Refreshing native plugins compatible for Editor in 0.32 ms, found 2 plugins.
Preloading 0 native plugins for Editor in 0.00 ms.
Invoked RoslynAnalysisRunner static constructor.
RoslynAnalysisRunner will not be running.
RoslynAnalysisRunner has terminated.
Mono: successfully reloaded assembly
- Completed reload, in  1.696 seconds
Platform modules already initialized, skipping
Refreshing native plugins compatible for Editor in 0.29 ms, found 2 plugins.
Preloading 0 native plugins for Editor in 0.00 ms.
Unloading 1789 Unused Serialized files (Serialized files now loaded: 0)
System memory in use before: 164.7 MB.
System memory in use after: 164.7 MB.

Unloading 12 unused Assets to reduce memory usage. Loaded Objects now: 2329.
Total: 1.379375 ms (FindLiveObjects: 0.127084 ms CreateObjectMapping: 0.036250 ms MarkObjects: 1.118834 ms  DeleteObjects: 0.096167 ms)

========================================================================
Received Prepare
Registering precompiled user dll's ...
Registered in 0.001109 seconds.
Begin MonoManager ReloadAssembly
Native extension for WindowsStandalone target not found
Native extension for OSXStandalone target not found
Refreshing native plugins compatible for Editor in 0.30 ms, found 2 plugins.
Preloading 0 native plugins for Editor in 0.00 ms.
Invoked RoslynAnalysisRunner static constructor.
RoslynAnalysisRunner will not be running.
RoslynAnalysisRunner has terminated.
Mono: successfully reloaded assembly
- Completed reload, in  1.671 seconds
Platform modules already initialized, skipping
Refreshing native plugins compatible for Editor in 0.30 ms, found 2 plugins.
Preloading 0 native plugins for Editor in 0.00 ms.
Unloading 1789 Unused Serialized files (Serialized files now loaded: 0)
System memory in use before: 165.1 MB.
System memory in use after: 165.1 MB.

Unloading 12 unused Assets to reduce memory usage. Loaded Objects now: 2332.
Total: 1.368125 ms (FindLiveObjects: 0.118750 ms CreateObjectMapping: 0.036084 ms MarkObjects: 1.105750 ms  DeleteObjects: 0.106708 ms)

========================================================================
Received Prepare
Registering precompiled user dll's ...
Registered in 0.000443 seconds.
Begin MonoManager ReloadAssembly
Native extension for WindowsStandalone target not found
Native extension for OSXStandalone target not found
Refreshing native plugins compatible for Editor in 0.38 ms, found 2 plugins.
Preloading 0 native plugins for Editor in 0.00 ms.
Invoked RoslynAnalysisRunner static constructor.
RoslynAnalysisRunner will not be running.
RoslynAnalysisRunner has terminated.
Mono: successfully reloaded assembly
- Completed reload, in  1.712 seconds
Platform modules already initialized, skipping
Refreshing native plugins compatible for Editor in 0.31 ms, found 2 plugins.
Preloading 0 native plugins for Editor in 0.00 ms.
Unloading 1789 Unused Serialized files (Serialized files now loaded: 0)
System memory in use before: 165.4 MB.
System memory in use after: 165.4 MB.

Unloading 12 unused Assets to reduce memory usage. Loaded Objects now: 2335.
Total: 1.338834 ms (FindLiveObjects: 0.124333 ms CreateObjectMapping: 0.036667 ms MarkObjects: 1.084958 ms  DeleteObjects: 0.091959 ms)

========================================================================
Received Prepare
Registering precompiled user dll's ...
Registered in 0.001007 seconds.
Begin MonoManager ReloadAssembly
Native extension for WindowsStandalone target not found
Native extension for OSXStandalone target not found
Refreshing native plugins compatible for Editor in 0.31 ms, found 2 plugins.
Preloading 0 native plugins for Editor in 0.00 ms.
Invoked RoslynAnalysisRunner static constructor.
RoslynAnalysisRunner will not be running.
RoslynAnalysisRunner has terminated.
Mono: successfully reloaded assembly
- Completed reload, in  1.638 seconds
Platform modules already initialized, skipping
Refreshing native plugins compatible for Editor in 0.24 ms, found 2 plugins.
Preloading 0 native plugins for Editor in 0.00 ms.
Unloading 1789 Unused Serialized files (Serialized files now loaded: 0)
System memory in use before: 164.8 MB.
System memory in use after: 164.8 MB.

Unloading 12 unused Assets to reduce memory usage. Loaded Objects now: 2338.
Total: 1.355625 ms (FindLiveObjects: 0.114417 ms CreateObjectMapping: 0.035916 ms MarkObjects: 1.111792 ms  DeleteObjects: 0.092708 ms)

========================================================================
Received Prepare
Registering precompiled user dll's ...
Registered in 0.000376 seconds.
Begin MonoManager ReloadAssembly
Native extension for WindowsStandalone target not found
Native extension for OSXStandalone target not found
Refreshing native plugins compatible for Editor in 0.32 ms, found 2 plugins.
Preloading 0 native plugins for Editor in 0.00 ms.
Invoked RoslynAnalysisRunner static constructor.
RoslynAnalysisRunner will not be running.
RoslynAnalysisRunner has terminated.
Mono: successfully reloaded assembly
- Completed reload, in  1.751 seconds
Platform modules already initialized, skipping
Refreshing native plugins compatible for Editor in 0.30 ms, found 2 plugins.
Preloading 0 native plugins for Editor in 0.00 ms.
Unloading 1789 Unused Serialized files (Serialized files now loaded: 0)
System memory in use before: 165.2 MB.
System memory in use after: 165.2 MB.

Unloading 12 unused Assets to reduce memory usage. Loaded Objects now: 2341.
Total: 1.383166 ms (FindLiveObjects: 0.139750 ms CreateObjectMapping: 0.035792 ms MarkObjects: 1.103417 ms  DeleteObjects: 0.103125 ms)

========================================================================
Received Prepare
Registering precompiled user dll's ...
Registered in 0.000948 seconds.
Begin MonoManager ReloadAssembly
Native extension for WindowsStandalone target not found
Native extension for OSXStandalone target not found
Refreshing native plugins compatible for Editor in 0.31 ms, found 2 plugins.
Preloading 0 native plugins for Editor in 0.00 ms.
Invoked RoslynAnalysisRunner static constructor.
RoslynAnalysisRunner will not be running.
RoslynAnalysisRunner has terminated.
Mono: successfully reloaded assembly
- Completed reload, in  1.723 seconds
Platform modules already initialized, skipping
Refreshing native plugins compatible for Editor in 0.32 ms, found 2 plugins.
Preloading 0 native plugins for Editor in 0.00 ms.
Unloading 1789 Unused Serialized files (Serialized files now loaded: 0)
System memory in use before: 165.6 MB.
System memory in use after: 165.6 MB.

Unloading 12 unused Assets to reduce memory usage. Loaded Objects now: 2344.
Total: 1.672750 ms (FindLiveObjects: 0.201542 ms CreateObjectMapping: 0.036917 ms MarkObjects: 1.314458 ms  DeleteObjects: 0.118583 ms)

